[debug] [2021-06-30T04:26:49.097Z] ----------------------------------------------------------------------
[debug] [2021-06-30T04:26:49.098Z] Command:       /usr/local/bin/node /usr/local/bin/firebase init
[debug] [2021-06-30T04:26:49.098Z] CLI Version:   9.14.0
[debug] [2021-06-30T04:26:49.098Z] Platform:      darwin
[debug] [2021-06-30T04:26:49.098Z] Node Version:  v14.17.0
[debug] [2021-06-30T04:26:49.099Z] Time:          Wed Jun 30 2021 11:26:49 GMT+0700 (Giờ Đông Dương)
[debug] [2021-06-30T04:26:49.100Z] ----------------------------------------------------------------------
[debug] 
[debug] [2021-06-30T04:26:49.107Z] > command requires scopes: ["email","openid","https://www.googleapis.com/auth/cloudplatformprojects.readonly","https://www.googleapis.com/auth/firebase","https://www.googleapis.com/auth/cloud-platform"]
[debug] [2021-06-30T04:26:49.107Z] > authorizing via signed-in user (dthanhdo1990@gmail.com)
[info] 
     ######## #### ########  ######## ########     ###     ######  ########
     ##        ##  ##     ## ##       ##     ##  ##   ##  ##       ##
     ######    ##  ########  ######   ########  #########  ######  ######
     ##        ##  ##    ##  ##       ##     ## ##     ##       ## ##
     ##       #### ##     ## ######## ########  ##     ##  ######  ########

You're about to initialize a Firebase project in this directory:

  /Users/hoangchung/Desktop/Slack_chat

Before we get started, keep in mind:

  * You are initializing within an existing Firebase project directory

[info] 
=== Project Setup
[info] 
[info] First, let's associate this project directory with a Firebase project.
[info] You can create multiple project aliases by running firebase use --add, 
[info] but for now we'll just set up a default project.
[info] 
[info] i  .firebaserc already has a default project, using slack-app-77ffc. 
[debug] [2021-06-30T04:26:53.659Z] >>> [apiv2][query] GET https://firebase.googleapis.com/v1beta1/projects/slack-app-77ffc [none]
[debug] [2021-06-30T04:26:54.797Z] <<< [apiv2][status] GET https://firebase.googleapis.com/v1beta1/projects/slack-app-77ffc 403
[debug] [2021-06-30T04:26:54.797Z] <<< [apiv2][body] GET https://firebase.googleapis.com/v1beta1/projects/slack-app-77ffc {"error":{"code":403,"message":"The caller does not have permission","status":"PERMISSION_DENIED"}}
[debug] [2021-06-30T04:26:54.799Z] HTTP Error: 403, The caller does not have permission
[debug] [2021-06-30T04:26:55.034Z] FirebaseError: HTTP Error: 403, The caller does not have permission
    at module.exports (/usr/local/lib/node_modules/firebase-tools/lib/responseToError.js:38:12)
    at Client.doRequest (/usr/local/lib/node_modules/firebase-tools/lib/apiv2.js:238:23)
    at processTicksAndRejections (internal/process/task_queues.js:95:5)
    at async Client.request (/usr/local/lib/node_modules/firebase-tools/lib/apiv2.js:96:20)
    at async Object.getFirebaseProject (/usr/local/lib/node_modules/firebase-tools/lib/management/projects.js:290:21)
    at async Object.doSetup [as project] (/usr/local/lib/node_modules/firebase-tools/lib/init/features/project.js:77:27)
    at async init (/usr/local/lib/node_modules/firebase-tools/lib/init/index.js:19:9)
[error] 
[error] Error: Failed to get Firebase project slack-app-77ffc. Please make sure the project exists and your account has permission to access it.
